<?xml version="1.0" encoding="UTF-8"?>
<testsuite name="com.sandbox.app.AppApplicationTests" tests="1" skipped="0" failures="0" errors="0" timestamp="2022-04-10T23:28:05" hostname="DESKTOP-CBH0DPS" time="0.561">
  <properties/>
  <testcase name="contextLoads()" classname="com.sandbox.app.AppApplicationTests" time="0.561"/>
  <system-out><![CDATA[20:28:01.516 [Test worker] DEBUG org.springframework.test.context.BootstrapUtils - Instantiating CacheAwareContextLoaderDelegate from class [org.springframework.test.context.cache.DefaultCacheAwareContextLoaderDelegate]
20:28:01.532 [Test worker] DEBUG org.springframework.test.context.BootstrapUtils - Instantiating BootstrapContext using constructor [public org.springframework.test.context.support.DefaultBootstrapContext(java.lang.Class,org.springframework.test.context.CacheAwareContextLoaderDelegate)]
20:28:01.563 [Test worker] DEBUG org.springframework.test.context.BootstrapUtils - Instantiating TestContextBootstrapper for test class [com.sandbox.app.AppApplicationTests] from class [org.springframework.boot.test.context.SpringBootTestContextBootstrapper]
20:28:01.578 [Test worker] INFO org.springframework.boot.test.context.SpringBootTestContextBootstrapper - Neither @ContextConfiguration nor @ContextHierarchy found for test class [com.sandbox.app.AppApplicationTests], using SpringBootContextLoader
20:28:01.594 [Test worker] DEBUG org.springframework.test.context.support.AbstractContextLoader - Did not detect default resource location for test class [com.sandbox.app.AppApplicationTests]: class path resource [com/sandbox/app/AppApplicationTests-context.xml] does not exist
20:28:01.594 [Test worker] DEBUG org.springframework.test.context.support.AbstractContextLoader - Did not detect default resource location for test class [com.sandbox.app.AppApplicationTests]: class path resource [com/sandbox/app/AppApplicationTestsContext.groovy] does not exist
20:28:01.594 [Test worker] INFO org.springframework.test.context.support.AbstractContextLoader - Could not detect default resource locations for test class [com.sandbox.app.AppApplicationTests]: no resource found for suffixes {-context.xml, Context.groovy}.
20:28:01.594 [Test worker] INFO org.springframework.test.context.support.AnnotationConfigContextLoaderUtils - Could not detect default configuration classes for test class [com.sandbox.app.AppApplicationTests]: AppApplicationTests does not declare any static, non-private, non-final, nested classes annotated with @Configuration.
20:28:01.667 [Test worker] DEBUG org.springframework.test.context.support.ActiveProfilesUtils - Could not find an 'annotation declaring class' for annotation type [org.springframework.test.context.ActiveProfiles] and class [com.sandbox.app.AppApplicationTests]
20:28:01.745 [Test worker] DEBUG org.springframework.context.annotation.ClassPathScanningCandidateComponentProvider - Identified candidate component class: file [C:\Users\erick\Documents\Github\ultra-sandbox\apps\testeinicial\app\gen\main\java\classes\java\main\com\sandbox\app\AppApplication.class]
20:28:01.760 [Test worker] INFO org.springframework.boot.test.context.SpringBootTestContextBootstrapper - Found @SpringBootConfiguration com.sandbox.app.AppApplication for test class com.sandbox.app.AppApplicationTests
20:28:01.917 [Test worker] DEBUG org.springframework.boot.test.context.SpringBootTestContextBootstrapper - @TestExecutionListeners is not present for class [com.sandbox.app.AppApplicationTests]: using defaults.
20:28:01.917 [Test worker] INFO org.springframework.boot.test.context.SpringBootTestContextBootstrapper - Loaded default TestExecutionListener class names from location [META-INF/spring.factories]: [org.springframework.boot.test.autoconfigure.restdocs.RestDocsTestExecutionListener, org.springframework.boot.test.autoconfigure.web.client.MockRestServiceServerResetTestExecutionListener, org.springframework.boot.test.autoconfigure.web.servlet.MockMvcPrintOnlyOnFailureTestExecutionListener, org.springframework.boot.test.autoconfigure.web.servlet.WebDriverTestExecutionListener, org.springframework.boot.test.autoconfigure.webservices.client.MockWebServiceServerTestExecutionListener, org.springframework.boot.test.mock.mockito.MockitoTestExecutionListener, org.springframework.boot.test.mock.mockito.ResetMocksTestExecutionListener, org.springframework.test.context.web.ServletTestExecutionListener, org.springframework.test.context.support.DirtiesContextBeforeModesTestExecutionListener, org.springframework.test.context.event.ApplicationEventsTestExecutionListener, org.springframework.test.context.support.DependencyInjectionTestExecutionListener, org.springframework.test.context.support.DirtiesContextTestExecutionListener, org.springframework.test.context.transaction.TransactionalTestExecutionListener, org.springframework.test.context.jdbc.SqlScriptsTestExecutionListener, org.springframework.test.context.event.EventPublishingTestExecutionListener]
20:28:01.932 [Test worker] DEBUG org.springframework.boot.test.context.SpringBootTestContextBootstrapper - Skipping candidate TestExecutionListener [org.springframework.test.context.transaction.TransactionalTestExecutionListener] due to a missing dependency. Specify custom listener classes or make the default listener classes and their required dependencies available. Offending class: [org/springframework/transaction/interceptor/TransactionAttributeSource]
20:28:01.932 [Test worker] DEBUG org.springframework.boot.test.context.SpringBootTestContextBootstrapper - Skipping candidate TestExecutionListener [org.springframework.test.context.jdbc.SqlScriptsTestExecutionListener] due to a missing dependency. Specify custom listener classes or make the default listener classes and their required dependencies available. Offending class: [org/springframework/transaction/interceptor/TransactionAttribute]
20:28:01.932 [Test worker] INFO org.springframework.boot.test.context.SpringBootTestContextBootstrapper - Using TestExecutionListeners: [org.springframework.test.context.web.ServletTestExecutionListener@73393584, org.springframework.test.context.support.DirtiesContextBeforeModesTestExecutionListener@31500940, org.springframework.test.context.event.ApplicationEventsTestExecutionListener@1827a871, org.springframework.boot.test.mock.mockito.MockitoTestExecutionListener@48e64352, org.springframework.boot.test.autoconfigure.SpringBootDependencyInjectionTestExecutionListener@7249dadf, org.springframework.test.context.support.DirtiesContextTestExecutionListener@4362d7df, org.springframework.test.context.event.EventPublishingTestExecutionListener@66238be2, org.springframework.boot.test.autoconfigure.restdocs.RestDocsTestExecutionListener@1c25b8a7, org.springframework.boot.test.autoconfigure.web.client.MockRestServiceServerResetTestExecutionListener@200606de, org.springframework.boot.test.autoconfigure.web.servlet.MockMvcPrintOnlyOnFailureTestExecutionListener@750fe12e, org.springframework.boot.test.autoconfigure.web.servlet.WebDriverTestExecutionListener@f8908f6, org.springframework.boot.test.autoconfigure.webservices.client.MockWebServiceServerTestExecutionListener@3e587920, org.springframework.boot.test.mock.mockito.ResetMocksTestExecutionListener@2ef8a8c3]
20:28:01.948 [Test worker] DEBUG org.springframework.test.context.support.AbstractDirtiesContextTestExecutionListener - Before test class: context [DefaultTestContext@2102a4d5 testClass = AppApplicationTests, testInstance = [null], testMethod = [null], testException = [null], mergedContextConfiguration = [WebMergedContextConfiguration@210386e0 testClass = AppApplicationTests, locations = '{}', classes = '{class com.sandbox.app.AppApplication}', contextInitializerClasses = '[]', activeProfiles = '{}', propertySourceLocations = '{}', propertySourceProperties = '{org.springframework.boot.test.context.SpringBootTestContextBootstrapper=true}', contextCustomizers = set[org.springframework.boot.test.autoconfigure.actuate.metrics.MetricsExportContextCustomizerFactory$DisableMetricExportContextCustomizer@463b4ac8, org.springframework.boot.test.autoconfigure.properties.PropertyMappingContextCustomizer@0, org.springframework.boot.test.autoconfigure.web.servlet.WebDriverContextCustomizerFactory$Customizer@66b7550d, org.springframework.boot.test.context.filter.ExcludeFilterContextCustomizer@4212a0c8, org.springframework.boot.test.json.DuplicateJsonObjectContextCustomizerFactory$DuplicateJsonObjectContextCustomizer@5bd82fed, org.springframework.boot.test.mock.mockito.MockitoContextCustomizer@0, org.springframework.boot.test.web.client.TestRestTemplateContextCustomizer@5bc9ba1d, org.springframework.boot.test.context.SpringBootTestArgs@1, org.springframework.boot.test.context.SpringBootTestWebEnvironment@28194a50], resourceBasePath = 'src/main/webapp', contextLoader = 'org.springframework.boot.test.context.SpringBootContextLoader', parent = [null]], attributes = map['org.springframework.test.context.web.ServletTestExecutionListener.activateListener' -> true]], class annotated with @DirtiesContext [false] with mode [null].

  .   ____          _            __ _ _
 /\\ / ___'_ __ _ _(_)_ __  __ _ \ \ \ \
( ( )\___ | '_ | '_| | '_ \/ _` | \ \ \ \
 \\/  ___)| |_)| | | | | || (_| |  ) ) ) )
  '  |____| .__|_| |_|_| |_\__, | / / / /
 =========|_|==============|___/=/_/_/_/
 :: Spring Boot ::                (v2.6.6)

2022-04-10 20:28:02.385  INFO 7564 --- [    Test worker] com.sandbox.app.AppApplicationTests      : Starting AppApplicationTests using Java 11.0.14.1 on DESKTOP-CBH0DPS with PID 7564 (started by erick in C:\Users\erick\Documents\Github\ultra-sandbox\apps\testeinicial\app\application)
2022-04-10 20:28:02.385  INFO 7564 --- [    Test worker] com.sandbox.app.AppApplicationTests      : No active profile set, falling back to 1 default profile: "default"
2022-04-10 20:28:05.570  INFO 7564 --- [    Test worker] o.s.b.a.e.web.EndpointLinksResolver      : Exposing 1 endpoint(s) beneath base path '/actuator'
2022-04-10 20:28:05.689  INFO 7564 --- [    Test worker] com.sandbox.app.AppApplicationTests      : Started AppApplicationTests in 3.692 seconds (JVM running for 5.24)
]]></system-out>
  <system-err><![CDATA[]]></system-err>
</testsuite>
